<?xml version="1.0" encoding="UTF-8"?>
<!-- Generated by org.testng.reporters.JUnitXMLReporter -->
<testsuite hostname="nqthanh1" ignored="2" name="FirstTesting" tests="2" failures="0" timestamp="02 Oct 2019 15:53:26 GMT" time="2.932" errors="0">
  <testcase name="demoTestCase" time="1.216" classname="scripts.TestCaseClass"/>
  <testcase name="demoTestCase" time="1.176" classname="scripts.TestCaseClass"/>
  <testcase name="add_new_user" time="0.0" classname="scripts.TestCaseClass">
    <ignored/>
  </testcase> <!-- add_new_user -->
  <testcase name="deleteRolePage" time="0.0" classname="scripts.TestCaseClass">
    <ignored/>
  </testcase> <!-- deleteRolePage -->
</testsuite> <!-- FirstTesting -->
