<?xml version="1.0" encoding="UTF-8"?>
<!-- Generated by org.testng.reporters.JUnitXMLReporter -->
<testsuite hostname="DESKTOP-D7MBTIA" ignored="3" name="Default test" tests="1" failures="0" timestamp="17 Oct 2019 09:22:27 GMT" time="0.034" errors="0">
  <testcase name="add_new_user" time="0.0" classname="scripts.TestCaseClass">
    <skipped/>
  </testcase> <!-- add_new_user -->
  <testcase name="setSNMPv3" time="0.0" classname="scripts.TestCaseClass">
    <ignored/>
  </testcase> <!-- setSNMPv3 -->
  <testcase name="deleteRolePage" time="0.0" classname="scripts.TestCaseClass">
    <ignored/>
  </testcase> <!-- deleteRolePage -->
  <testcase name="demoTestCase" time="0.0" classname="scripts.TestCaseClass">
    <ignored/>
  </testcase> <!-- demoTestCase -->
</testsuite> <!-- Default test -->
