<?xml version="1.0" encoding="UTF-8"?>
<!-- Generated by org.testng.reporters.JUnitXMLReporter -->
<testsuite hostname="DESKTOP-D7MBTIA" ignored="0" name="Default test" tests="2" failures="0" timestamp="27 Sep 2019 03:57:16 GMT" time="1.55" errors="0">
  <testcase name="deleteRolePage" time="1.512" classname="scripts.TestCaseClass"/>
  <testcase name="demoTestCase" time="0.0" classname="scripts.TestCaseClass">
    <skipped/>
  </testcase> <!-- demoTestCase -->
</testsuite> <!-- Default test -->
