<?xml version="1.0" encoding="UTF-8"?>
<!-- Generated by org.testng.reporters.JUnitXMLReporter -->
<testsuite hostname="DESKTOP-D7MBTIA" ignored="2" name="FirstTesting" tests="1" failures="0" timestamp="27 Sep 2019 09:43:35 GMT" time="2.705" errors="0">
  <testcase name="add_new_user" time="2.09" classname="scripts.TestCaseClass"/>
  <testcase name="deleteRolePage" time="0.0" classname="scripts.TestCaseClass">
    <ignored/>
  </testcase> <!-- deleteRolePage -->
  <testcase name="demoTestCase" time="0.0" classname="scripts.TestCaseClass">
    <ignored/>
  </testcase> <!-- demoTestCase -->
</testsuite> <!-- FirstTesting -->
