<?xml version="1.0" encoding="UTF-8"?>
<!-- Generated by org.testng.reporters.JUnitXMLReporter -->
<testsuite hostname="lnkhang1-PC" ignored="3" name="FirstTesting" tests="1" failures="0" timestamp="10 thg 10 2019 02:47:20 GMT" time="6.513" errors="0">
  <testcase name="@BeforeMethod beforeMethodClass" time="5.063" classname="scripts.HelperClass">
    <failure type="org.openqa.selenium.NoSuchElementException" message="no such element: Unable to locate element: {&amp;quot;method&amp;quot;:&amp;quot;xpath&amp;quot;,&amp;quot;selector&amp;quot;:&amp;quot;//input[@id=&amp;quot;snmpAgent:snmpVersion3SecurityNameInputText&amp;quot;]&amp;quot;}
  (Session info: chrome=77.0.3865.90)
For documentation on this error, please visit: https://www.seleniumhq.org/exceptions/no_such_element.html
Build info: version: &amp;apos;3.141.59&amp;apos;, revision: &amp;apos;e82be7d358&amp;apos;, time: &amp;apos;2018-11-14T08:17:03&amp;apos;
System info: host: &amp;apos;LNKHANG1-PC&amp;apos;, ip: &amp;apos;10.30.4.220&amp;apos;, os.name: &amp;apos;Windows 7&amp;apos;, os.arch: &amp;apos;amd64&amp;apos;, os.version: &amp;apos;6.1&amp;apos;, java.version: &amp;apos;1.8.0_191&amp;apos;
Driver info: org.openqa.selenium.chrome.ChromeDriver
Capabilities {acceptInsecureCerts: false, browserName: chrome, browserVersion: 77.0.3865.90, chrome: {chromedriverVersion: 77.0.3865.40 (f484704e052e0..., userDataDir: C:\Users\lnkhang1\AppData\L...}, goog:chromeOptions: {debuggerAddress: localhost:55658}, javascriptEnabled: true, networkConnectionEnabled: false, pageLoadStrategy: normal, platform: XP, platformName: XP, proxy: Proxy(), setWindowRect: true, strictFileInteractability: false, timeouts: {implicit: 0, pageLoad: 300000, script: 30000}, unhandledPromptBehavior: dismiss and notify}
Session ID: 27506f3c7bde9d9f5031075a6f079ebe
*** Element info: {Using=xpath, value=//input[@id=&amp;quot;snmpAgent:snmpVersion3SecurityNameInputText&amp;quot;]}">
      <![CDATA[org.openqa.selenium.NoSuchElementException: no such element: Unable to locate element: {"method":"xpath","selector":"//input[@id="snmpAgent:snmpVersion3SecurityNameInputText"]"}
  (Session info: chrome=77.0.3865.90)
For documentation on this error, please visit: https://www.seleniumhq.org/exceptions/no_such_element.html
Build info: version: '3.141.59', revision: 'e82be7d358', time: '2018-11-14T08:17:03'
System info: host: 'LNKHANG1-PC', ip: '10.30.4.220', os.name: 'Windows 7', os.arch: 'amd64', os.version: '6.1', java.version: '1.8.0_191'
Driver info: org.openqa.selenium.chrome.ChromeDriver
Capabilities {acceptInsecureCerts: false, browserName: chrome, browserVersion: 77.0.3865.90, chrome: {chromedriverVersion: 77.0.3865.40 (f484704e052e0..., userDataDir: C:\Users\lnkhang1\AppData\L...}, goog:chromeOptions: {debuggerAddress: localhost:55658}, javascriptEnabled: true, networkConnectionEnabled: false, pageLoadStrategy: normal, platform: XP, platformName: XP, proxy: Proxy(), setWindowRect: true, strictFileInteractability: false, timeouts: {implicit: 0, pageLoad: 300000, script: 30000}, unhandledPromptBehavior: dismiss and notify}
Session ID: 27506f3c7bde9d9f5031075a6f079ebe
*** Element info: {Using=xpath, value=//input[@id="snmpAgent:snmpVersion3SecurityNameInputText"]}
at org.openqa.selenium.remote.http.W3CHttpResponseCodec.createException(W3CHttpResponseCodec.java:187)
at org.openqa.selenium.remote.http.W3CHttpResponseCodec.decode(W3CHttpResponseCodec.java:122)
at org.openqa.selenium.remote.http.W3CHttpResponseCodec.decode(W3CHttpResponseCodec.java:49)
at org.openqa.selenium.remote.HttpCommandExecutor.execute(HttpCommandExecutor.java:158)
at org.openqa.selenium.remote.service.DriverCommandExecutor.execute(DriverCommandExecutor.java:83)
at org.openqa.selenium.remote.RemoteWebDriver.execute(RemoteWebDriver.java:552)
at org.openqa.selenium.remote.RemoteWebDriver.findElement(RemoteWebDriver.java:323)
at org.openqa.selenium.remote.RemoteWebDriver.findElementByXPath(RemoteWebDriver.java:428)
at org.openqa.selenium.By$ByXPath.findElement(By.java:353)
at org.openqa.selenium.remote.RemoteWebDriver.findElement(RemoteWebDriver.java:315)
at frame.SNMPPage.<init>(SNMPPage.java:46)
at java.lang.Class.newInstance(Unknown Source)
at org.openqa.selenium.support.PageFactory.instantiatePage(PageFactory.java:131)
at org.openqa.selenium.support.PageFactory.initElements(PageFactory.java:64)
at scripts.TestCaseClass.performBeforeMethodOperation(TestCaseClass.java:36)
at scripts.HelperClass.beforeMethodClass(HelperClass.java:52)
... Removed 36 stack frames]]>
    </failure>
  </testcase> <!-- @BeforeMethod beforeMethodClass -->
  <testcase name="@AfterMethod close" time="0.0" classname="scripts.HelperClass">
    <skipped/>
  </testcase> <!-- @AfterMethod close -->
  <testcase name="@AfterClass afterClass" time="0.0" classname="scripts.HelperClass">
    <skipped/>
  </testcase> <!-- @AfterClass afterClass -->
  <testcase name="setSNMPv3" time="0.0" classname="scripts.TestCaseClass">
    <skipped/>
  </testcase> <!-- setSNMPv3 -->
  <testcase name="add_new_user" time="0.0" classname="scripts.TestCaseClass">
    <ignored/>
  </testcase> <!-- add_new_user -->
  <testcase name="deleteRolePage" time="0.0" classname="scripts.TestCaseClass">
    <ignored/>
  </testcase> <!-- deleteRolePage -->
  <testcase name="demoTestCase" time="0.0" classname="scripts.TestCaseClass">
    <ignored/>
  </testcase> <!-- demoTestCase -->
</testsuite> <!-- FirstTesting -->
